-------------------------------------------------------------------------------
Test set: com.gorest.crudtest.PostCrudTest
-------------------------------------------------------------------------------
Tests run: 5, Failures: 0, Errors: 5, Skipped: 0, Time elapsed: 20.15 sec <<< FAILURE! - in com.gorest.crudtest.PostCrudTest
test001(com.gorest.crudtest.PostCrudTest)  Time elapsed: 6.834 sec  <<< ERROR!
java.lang.NullPointerException: null
	at io.restassured.internal.print.ResponsePrinter.print(ResponsePrinter.java:46)
	at io.restassured.internal.ValidatableResponseOptionsImpl.logResponse(ValidatableResponseOptionsImpl.java:423)
	at io.restassured.internal.ValidatableResponseOptionsImpl.logResponse(ValidatableResponseOptionsImpl.java:419)
	at io.restassured.internal.ValidatableResponseOptionsImpl.logResponse(ValidatableResponseOptionsImpl.java:415)
	at io.restassured.internal.ValidatableResponseOptionsImpl.all(ValidatableResponseOptionsImpl.java:371)
	at com.gorest.crudtest.PostCrudTest.test001(PostCrudTest.java:34)

test002(com.gorest.crudtest.PostCrudTest)  Time elapsed: 4.099 sec  <<< ERROR!
java.lang.NullPointerException: null
	at io.restassured.internal.print.ResponsePrinter.print(ResponsePrinter.java:46)
	at io.restassured.internal.ValidatableResponseOptionsImpl.logResponse(ValidatableResponseOptionsImpl.java:423)
	at io.restassured.internal.ValidatableResponseOptionsImpl.logResponse(ValidatableResponseOptionsImpl.java:419)
	at io.restassured.internal.ValidatableResponseOptionsImpl.logResponse(ValidatableResponseOptionsImpl.java:415)
	at io.restassured.internal.ValidatableResponseOptionsImpl.all(ValidatableResponseOptionsImpl.java:371)
	at com.gorest.crudtest.PostCrudTest.test002(PostCrudTest.java:43)

test003(com.gorest.crudtest.PostCrudTest)  Time elapsed: 0.024 sec  <<< ERROR!
java.lang.NullPointerException: null
	at io.restassured.internal.print.ResponsePrinter.print(ResponsePrinter.java:46)
	at io.restassured.internal.ValidatableResponseOptionsImpl.logResponse(ValidatableResponseOptionsImpl.java:423)
	at io.restassured.internal.ValidatableResponseOptionsImpl.logResponse(ValidatableResponseOptionsImpl.java:419)
	at io.restassured.internal.ValidatableResponseOptionsImpl.logResponse(ValidatableResponseOptionsImpl.java:415)
	at io.restassured.internal.ValidatableResponseOptionsImpl.all(ValidatableResponseOptionsImpl.java:371)
	at com.gorest.crudtest.PostCrudTest.test003(PostCrudTest.java:52)

test004(com.gorest.crudtest.PostCrudTest)  Time elapsed: 4.36 sec  <<< ERROR!
java.lang.NullPointerException: null
	at io.restassured.internal.print.ResponsePrinter.print(ResponsePrinter.java:46)
	at io.restassured.internal.ValidatableResponseOptionsImpl.logResponse(ValidatableResponseOptionsImpl.java:423)
	at io.restassured.internal.ValidatableResponseOptionsImpl.logResponse(ValidatableResponseOptionsImpl.java:419)
	at io.restassured.internal.ValidatableResponseOptionsImpl.logResponse(ValidatableResponseOptionsImpl.java:415)
	at io.restassured.internal.ValidatableResponseOptionsImpl.all(ValidatableResponseOptionsImpl.java:371)
	at com.gorest.crudtest.PostCrudTest.test004(PostCrudTest.java:62)

test005(com.gorest.crudtest.PostCrudTest)  Time elapsed: 4.112 sec  <<< ERROR!
java.lang.NullPointerException: null
	at io.restassured.internal.print.ResponsePrinter.print(ResponsePrinter.java:46)
	at io.restassured.internal.ValidatableResponseOptionsImpl.logResponse(ValidatableResponseOptionsImpl.java:423)
	at io.restassured.internal.ValidatableResponseOptionsImpl.logResponse(ValidatableResponseOptionsImpl.java:419)
	at io.restassured.internal.ValidatableResponseOptionsImpl.logResponse(ValidatableResponseOptionsImpl.java:415)
	at io.restassured.internal.ValidatableResponseOptionsImpl.all(ValidatableResponseOptionsImpl.java:371)
	at com.gorest.crudtest.PostCrudTest.test005(PostCrudTest.java:71)

